<?xml version="1.0" encoding="UTF-8"?>
<ServerPack version="3.3" xmlns="http://www.mcupdater.com" xmlns:xsi="http://www.w3.org/2001/XMLSchema-instance" xsi:schemaLocation="http://www.mcupdater.com http://files.mcupdater.com/ServerPackv2.xsd">
	<Server
	id="test-modpack"
	name="Test Example Modpack"
	newsUrl="https://google.com"
	version="1.12.2"
	mainClass="net.minecraft.launchwrapper.Launch"
	revision="1.12.2"
	serverAddress="play.athion.net"
	autoConnect="true">
        <Import url="http://files.mcupdater.com/example/forge.php?mc=1.12.2&amp;forge=14.23.4.2739">forge</Import>
        <Module name="Minecraft Forge" id="forge-14.23.4.2739" depends="" side="BOTH">
			<Size>100000</Size>
			<Required>true</Required>
			<ModType order="1">Override</ModType>
		</Module>
	</Server>
	<Server
	id="test-modpack2"
	name="Test Example Modpack"
	newsUrl="https://google.com"
	version="1.10.2"
	mainClass="net.minecraft.launchwrapper.Launch"
	revision="1.10.2"
	serverAddress="play.hypixel.net"
	autoConnect="false">
        <Import url="http://files.mcupdater.com/example/forge.php?mc=1.10.2&amp;forge=12.18.3.2511">forge</Import>
        <Module name="Minecraft Forge" id="forge-12.18.3.2511" depends="" side="BOTH">
			<Size>100000</Size>
			<Required>true</Required>
			<ModType order="1">Override</ModType>
		</Module>
	</Server>
	<Server
	id="test-modpack3"
	name="Test Example Modpack"
	newsUrl="https://google.com"
	version="1.8.8"
	mainClass="net.minecraft.launchwrapper.Launch"
	revision="1.8.8"
	serverAddress="play.hypixel.net"
	autoConnect="false">
        <Import url="http://files.mcupdater.com/example/forge.php?mc=1.8.8&amp;forge=11.15.0.1655">forge</Import>
        <Module name="Minecraft Forge" id="forge-11.15.0.1655" depends="" side="BOTH">
			<Size>100000</Size>
			<Required>true</Required>
			<ModType order="1">Override</ModType>
		</Module>
	</Server>
</ServerPack>