<?xml version="1.0" encoding="UTF-8"?>
<ServerPack version="3.3" xmlns="http://www.mcupdater.com" xmlns:xsi="http://www.w3.org/2001/XMLSchema-instance" xsi:schemaLocation="http://www.mcupdater.com http://files.mcupdater.com/ServerPackv2.xsd">
	<Server
	id="test-modpack"
	name="Test Example Modpack"
	newsUrl="https://google.com"
	version="1.12.2"
	mainClass="net.minecraft.launchwrapper.Launch"
	revision="1.12.2"
	serverAddress="play.hypixel.net"
	autoConnect="false">
        <Import url="http://files.mcupdater.com/example/forge.php?mc=1.12.2&amp;forge=14.23.4.2739">forge</Import>
        <Module name="Minecraft Forge" id="forge-14.23.4.2739" depends="" side="BOTH">
			<Size>100000</Size>
			<Required>true</Required>
			<ModType order="1">Override</ModType>
		</Module>
		<Module name="Better Foliage" id="betterfoliage" depends="" side="BOTH">
			<URL priority="0">https://github.com/AthionOfficial/Mods/raw/gh-pages/1.12.2/Mods/BetterFoliage.jar</URL>
			<Size>4671397</Size>
			<Required>true</Required>
			<ModType>Regular</ModType>
			<MD5>06714eb2c13f59df5e3c92cec7370e11</MD5>
		</Module>
		<Module name="PixelCam" id="pixelcam" depends="" side="BOTH">
			<URL priority="0">https://github.com/AthionOfficial/Mods/raw/gh-pages/1.12.2/Mods/PixelCam.jar</URL>
			<Size>676479</Size>
			<Required>true</Required>
			<ModType>Regular</ModType>
			<MD5>d43ce3efb819d47e70b89262ba97e04b</MD5>
		</Module>
		<Module name="VoxelMap" id="VoxelMap" depends="Liteloader" side="BOTH">
			<URL priority="0">https://github.com/AthionOfficial/Mods/raw/gh-pages/1.12.2/Mods/VoxelMap.litemod</URL>
			<Size>610569</Size>
			<Required>true</Required>
			<ModType>Litemod</ModType>
			<MD5>a8b0cd8196b5d8f731a101877c01877b</MD5>
		</Module>
		<Module name="daFlight" id="daFlight" depends="" side="BOTH">
			<URL priority="0">https://github.com/AthionOfficial/Mods/raw/gh-pages/1.12.2/Mods/daFlight.jar</URL>
			<Size>1296871</Size>
			<Required>true</Required>
			<ModType>Regular</ModType>
			<MD5>9f3473fdfc0dcf20c4fcb9ee57a34fd7</MD5>
		</Module>
		<Module name="Better Sprinting" id="bettersprinting" depends="" side="BOTH">
			<URL priority="0">https://github.com/AthionOfficial/Mods/raw/gh-pages/1.12.2/Mods/BetterSprinting.jar</URL>
			<Size>75639</Size>
			<Required>true</Required>
			<ModType>Regular</ModType>
			<MD5>bf5e47db57d65a92dab224df77c481ae</MD5>
		</Module>
		<Module name="Dynamic Surroundings" id="dsurround" depends="" side="BOTH">
			<URL priority="0">https://github.com/AthionOfficial/Mods/raw/gh-pages/1.12.2/Mods/DynamicSurroundings.jar</URL>
			<Size>22055819</Size>
			<Required>true</Required>
			<ModType>Regular</ModType>
			<MD5>ce790d3dcef5e776d1f7254e53e1d014</MD5>
		</Module>
		<Module name="Liteloader" id="Liteloader" depends="" side="BOTH">
			<URL priority="0">https://github.com/AthionOfficial/Mods/raw/gh-pages/1.12.2/Mods/Liteloader.jar</URL>
			<Size>1692624</Size>
			<Required>true</Required>
			<ModType>Regular</ModType>
			<MD5>a911439c33779a411cb96aacf7ca300d</MD5>
		</Module>
		<Module name="macros" id="macros" depends="Liteloader" side="BOTH">
			<URL priority="0">https://github.com/AthionOfficial/Mods/raw/gh-pages/1.12.2/Mods/Macros.litemod</URL>
			<Size>1726452</Size>
			<Required>true</Required>
			<ModType>Litemod</ModType>
			<MD5>9ba3ed960bbb676743a3b6c2e1efc484</MD5>
		</Module>
		<Module name="Optifine" id="Optifine" depends="" side="BOTH">
			<URL priority="0">https://github.com/AthionOfficial/Mods/raw/gh-pages/1.12.2/Mods/Optifine.jar</URL>
			<Size>1949014</Size>
			<Required>true</Required>
			<ModType>Regular</ModType>
			<MD5>d5d52b61e12fd9696cebe6f0bd11186d</MD5>
		</Module>
		<Module name="Sound Filters" id="soundfilters" depends="" side="BOTH">
			<URL priority="0">https://github.com/AthionOfficial/Mods/raw/gh-pages/1.12.2/Mods/SoundFilters.jar</URL>
			<Size>41838</Size>
			<Required>true</Required>
			<ModType>Regular</ModType>
			<MD5>da0bef083b7eb63136f5d7b3152ad7ed</MD5>
		</Module>
		<Module name="WorldEdit CUI Forge Edition 2" id="worldeditcuife2" depends="" side="BOTH">
			<URL priority="0">https://github.com/AthionOfficial/Mods/raw/gh-pages/1.12.2/Mods/WorldEditCUI.jar</URL>
			<Size>461808</Size>
			<Required>true</Required>
			<ModType>Regular</ModType>
			<MD5>44b1b1031c25f04955bfd7ed734bd467</MD5>
		</Module>
	</Server>
</ServerPack>